<?xml version="1.0" encoding="UTF-8"?>
<testng-results ignored="0" total="1" passed="1" failed="0" skipped="0">
  <reporter-output>
  </reporter-output>
  <suite started-at="2020-10-05T15:26:14 BRT" name="Data Driven Basics" finished-at="2020-10-05T15:26:17 BRT" duration-ms="3425">
    <groups>
    </groups>
    <test started-at="2020-10-05T15:26:14 BRT" name="LoginTest" finished-at="2020-10-05T15:26:17 BRT" duration-ms="3425">
      <class name="testcases.LoginTest">
        <test-method is-config="true" signature="setUp()[pri:0, instance:testcases.LoginTest@79ad8b2f]" started-at="2020-10-05T15:26:07 BRT" name="setUp" finished-at="2020-10-05T15:26:14 BRT" duration-ms="6451" status="PASS">
          <reporter-output>
          </reporter-output>
        </test-method> <!-- setUp -->
        <test-method is-config="true" signature="setUp()[pri:0, instance:testcases.LoginTest@79ad8b2f]" started-at="2020-10-05T15:26:14 BRT" name="setUp" finished-at="2020-10-05T15:26:14 BRT" duration-ms="0" status="PASS">
          <reporter-output>
          </reporter-output>
        </test-method> <!-- setUp -->
        <test-method signature="loginAsBankManager()[pri:0, instance:testcases.LoginTest@79ad8b2f]" started-at="2020-10-05T15:26:14 BRT" name="loginAsBankManager" finished-at="2020-10-05T15:26:17 BRT" duration-ms="3289" status="PASS">
          <reporter-output>
          </reporter-output>
        </test-method> <!-- loginAsBankManager -->
        <test-method is-config="true" signature="tearDown()[pri:0, instance:testcases.LoginTest@79ad8b2f]" started-at="2020-10-05T15:26:17 BRT" name="tearDown" finished-at="2020-10-05T15:26:17 BRT" duration-ms="102" status="PASS">
          <reporter-output>
          </reporter-output>
        </test-method> <!-- tearDown -->
        <test-method is-config="true" signature="tearDown()[pri:0, instance:testcases.LoginTest@79ad8b2f]" started-at="2020-10-05T15:26:17 BRT" name="tearDown" finished-at="2020-10-05T15:26:17 BRT" duration-ms="0" status="PASS">
          <reporter-output>
          </reporter-output>
        </test-method> <!-- tearDown -->
      </class> <!-- testcases.LoginTest -->
    </test> <!-- LoginTest -->
  </suite> <!-- Data Driven Basics -->
</testng-results>
